digraph Tree {
node [shape=box, style="filled, rounded", color="black", fontname=helvetica] ;
edge [fontname=helvetica] ;
0 [label=<Account Balance &le; 2.5<br/>mse = 0.21<br/>samples = 1000<br/>value = 0.7>, fillcolor="#e58139b2"] ;
1 [label=<Duration of Credit (month) &le; 22.5<br/>mse = 0.2466<br/>samples = 543<br/>value = 0.558>, fillcolor="#e581398e"] ;
0 -> 1 [labeldistance=2.5, labelangle=45, headlabel="True"] ;
2 [label=<Payment Status of Previous Credit &le; 1.5<br/>mse = 0.2264<br/>samples = 306<br/>value = 0.6536>, fillcolor="#e58139a7"] ;
1 -> 2 ;
3 [label=<Purpose &le; 7.0<br/>mse = 0.1875<br/>samples = 28<br/>value = 0.25>, fillcolor="#e5813940"] ;
2 -> 3 ;
4 [label=<Duration in Current address &le; 3.5<br/>mse = 0.1344<br/>samples = 25<br/>value = 0.16>, fillcolor="#e5813929"] ;
3 -> 4 ;
5 [label=<mse = 0.0<br/>samples = 15<br/>value = 0.0>, fillcolor="#e5813900"] ;
4 -> 5 ;
6 [label=<mse = 0.24<br/>samples = 10<br/>value = 0.4>, fillcolor="#e5813966"] ;
4 -> 6 ;
7 [label=<mse = 0.0<br/>samples = 3<br/>value = 1.0>, fillcolor="#e58139ff"] ;
3 -> 7 ;
8 [label=<Credit Amount &le; 7491.5<br/>mse = 0.2123<br/>samples = 278<br/>value = 0.6942>, fillcolor="#e58139b1"] ;
2 -> 8 ;
9 [label=<Duration of Credit (month) &le; 11.5<br/>mse = 0.2065<br/>samples = 271<br/>value = 0.7085>, fillcolor="#e58139b5"] ;
8 -> 9 ;
10 [label=<mse = 0.1302<br/>samples = 78<br/>value = 0.8462>, fillcolor="#e58139d8"] ;
9 -> 10 ;
11 [label=<mse = 0.2266<br/>samples = 193<br/>value = 0.6528>, fillcolor="#e58139a6"] ;
9 -> 11 ;
12 [label=<Payment Status of Previous Credit &le; 2.5<br/>mse = 0.1224<br/>samples = 7<br/>value = 0.1429>, fillcolor="#e5813924"] ;
8 -> 12 ;
13 [label=<mse = 0.0<br/>samples = 6<br/>value = 0.0>, fillcolor="#e5813900"] ;
12 -> 13 ;
14 [label=<mse = 0.0<br/>samples = 1<br/>value = 1.0>, fillcolor="#e58139ff"] ;
12 -> 14 ;
15 [label=<Value Savings/Stocks &le; 3.5<br/>mse = 0.2457<br/>samples = 237<br/>value = 0.4346>, fillcolor="#e581396f"] ;
1 -> 15 ;
16 [label=<Duration of Credit (month) &le; 47.5<br/>mse = 0.235<br/>samples = 196<br/>value = 0.3776>, fillcolor="#e5813960"] ;
15 -> 16 ;
17 [label=<Credit Amount &le; 2313.0<br/>mse = 0.2453<br/>samples = 160<br/>value = 0.4312>, fillcolor="#e581396e"] ;
16 -> 17 ;
18 [label=<mse = 0.1841<br/>samples = 37<br/>value = 0.2432>, fillcolor="#e581393e"] ;
17 -> 18 ;
19 [label=<mse = 0.2499<br/>samples = 123<br/>value = 0.4878>, fillcolor="#e581397c"] ;
17 -> 19 ;
20 [label=<Duration in Current address &le; 1.5<br/>mse = 0.1196<br/>samples = 36<br/>value = 0.1389>, fillcolor="#e5813923"] ;
16 -> 20 ;
21 [label=<mse = 0.2222<br/>samples = 3<br/>value = 0.6667>, fillcolor="#e58139aa"] ;
20 -> 21 ;
22 [label=<mse = 0.0826<br/>samples = 33<br/>value = 0.0909>, fillcolor="#e5813917"] ;
20 -> 22 ;
23 [label=<Account Balance &le; 1.5<br/>mse = 0.207<br/>samples = 41<br/>value = 0.7073>, fillcolor="#e58139b4"] ;
15 -> 23 ;
24 [label=<No of Credits at this Bank &le; 1.5<br/>mse = 0.2422<br/>samples = 17<br/>value = 0.4118>, fillcolor="#e5813969"] ;
23 -> 24 ;
25 [label=<mse = 0.1775<br/>samples = 13<br/>value = 0.2308>, fillcolor="#e581393b"] ;
24 -> 25 ;
26 [label=<mse = 0.0<br/>samples = 4<br/>value = 1.0>, fillcolor="#e58139ff"] ;
24 -> 26 ;
27 [label=<Credit Amount &le; 12296.5<br/>mse = 0.0764<br/>samples = 24<br/>value = 0.9167>, fillcolor="#e58139ea"] ;
23 -> 27 ;
28 [label=<mse = 0.0416<br/>samples = 23<br/>value = 0.9565>, fillcolor="#e58139f4"] ;
27 -> 28 ;
29 [label=<mse = 0.0<br/>samples = 1<br/>value = 0.0>, fillcolor="#e5813900"] ;
27 -> 29 ;
30 [label=<Length of current employment &le; 3.5<br/>mse = 0.1141<br/>samples = 457<br/>value = 0.8687>, fillcolor="#e58139de"] ;
0 -> 30 [labeldistance=2.5, labelangle=-45, headlabel="False"] ;
31 [label=<Credit Amount &le; 4158.0<br/>mse = 0.1483<br/>samples = 243<br/>value = 0.8189>, fillcolor="#e58139d1"] ;
30 -> 31 ;
32 [label=<Guarantors &le; 1.5<br/>mse = 0.1118<br/>samples = 195<br/>value = 0.8718>, fillcolor="#e58139de"] ;
31 -> 32 ;
33 [label=<Purpose &le; 4.5<br/>mse = 0.0978<br/>samples = 182<br/>value = 0.8901>, fillcolor="#e58139e3"] ;
32 -> 33 ;
34 [label=<mse = 0.068<br/>samples = 150<br/>value = 0.9267>, fillcolor="#e58139ec"] ;
33 -> 34 ;
35 [label=<mse = 0.2021<br/>samples = 32<br/>value = 0.7188>, fillcolor="#e58139b7"] ;
33 -> 35 ;
36 [label=<Age (years) &le; 24.0<br/>mse = 0.2367<br/>samples = 13<br/>value = 0.6154>, fillcolor="#e581399d"] ;
32 -> 36 ;
37 [label=<mse = 0.0<br/>samples = 2<br/>value = 0.0>, fillcolor="#e5813900"] ;
36 -> 37 ;
38 [label=<mse = 0.1983<br/>samples = 11<br/>value = 0.7273>, fillcolor="#e58139b9"] ;
36 -> 38 ;
39 [label=<Credit Amount &le; 9569.0<br/>mse = 0.2391<br/>samples = 48<br/>value = 0.6042>, fillcolor="#e581399a"] ;
31 -> 39 ;
40 [label=<Most valuable available asset &le; 3.5<br/>mse = 0.2271<br/>samples = 43<br/>value = 0.6512>, fillcolor="#e58139a6"] ;
39 -> 40 ;
41 [label=<mse = 0.2431<br/>samples = 36<br/>value = 0.5833>, fillcolor="#e5813995"] ;
40 -> 41 ;
42 [label=<mse = 0.0<br/>samples = 7<br/>value = 1.0>, fillcolor="#e58139ff"] ;
40 -> 42 ;
43 [label=<Value Savings/Stocks &le; 4.0<br/>mse = 0.16<br/>samples = 5<br/>value = 0.2>, fillcolor="#e5813933"] ;
39 -> 43 ;
44 [label=<mse = 0.0<br/>samples = 4<br/>value = 0.0>, fillcolor="#e5813900"] ;
43 -> 44 ;
45 [label=<mse = 0.0<br/>samples = 1<br/>value = 1.0>, fillcolor="#e58139ff"] ;
43 -> 45 ;
46 [label=<No of dependents &le; 1.5<br/>mse = 0.0692<br/>samples = 214<br/>value = 0.9252>, fillcolor="#e58139ec"] ;
30 -> 46 ;
47 [label=<Age (years) &le; 22.5<br/>mse = 0.0443<br/>samples = 172<br/>value = 0.9535>, fillcolor="#e58139f3"] ;
46 -> 47 ;
48 [label=<Duration in Current address &le; 2.5<br/>mse = 0.2041<br/>samples = 7<br/>value = 0.7143>, fillcolor="#e58139b6"] ;
47 -> 48 ;
49 [label=<mse = 0.0<br/>samples = 2<br/>value = 0.0>, fillcolor="#e5813900"] ;
48 -> 49 ;
50 [label=<mse = 0.0<br/>samples = 5<br/>value = 1.0>, fillcolor="#e58139ff"] ;
48 -> 50 ;
51 [label=<Age (years) &le; 65.5<br/>mse = 0.035<br/>samples = 165<br/>value = 0.9636>, fillcolor="#e58139f6"] ;
47 -> 51 ;
52 [label=<mse = 0.0297<br/>samples = 163<br/>value = 0.9693>, fillcolor="#e58139f7"] ;
51 -> 52 ;
53 [label=<mse = 0.25<br/>samples = 2<br/>value = 0.5>, fillcolor="#e5813980"] ;
51 -> 53 ;
54 [label=<Credit Amount &le; 1270.0<br/>mse = 0.1542<br/>samples = 42<br/>value = 0.8095>, fillcolor="#e58139ce"] ;
46 -> 54 ;
55 [label=<No of Credits at this Bank &le; 1.5<br/>mse = 0.2222<br/>samples = 6<br/>value = 0.3333>, fillcolor="#e5813955"] ;
54 -> 55 ;
56 [label=<mse = 0.0<br/>samples = 4<br/>value = 0.0>, fillcolor="#e5813900"] ;
55 -> 56 ;
57 [label=<mse = 0.0<br/>samples = 2<br/>value = 1.0>, fillcolor="#e58139ff"] ;
55 -> 57 ;
58 [label=<Age (years) &le; 54.5<br/>mse = 0.0988<br/>samples = 36<br/>value = 0.8889>, fillcolor="#e58139e3"] ;
54 -> 58 ;
59 [label=<mse = 0.0784<br/>samples = 35<br/>value = 0.9143>, fillcolor="#e58139e9"] ;
58 -> 59 ;
60 [label=<mse = 0.0<br/>samples = 1<br/>value = 0.0>, fillcolor="#e5813900"] ;
58 -> 60 ;
}